<?xml version="1.0" encoding="UTF-8"?>
<coverage generated="1692220996657" clover="3.2.0">
  <project timestamp="1692220996657" name="All files">
    <metrics statements="132" coveredstatements="130" conditionals="43" coveredconditionals="42" methods="5" coveredmethods="5" elements="180" coveredelements="177" complexity="0" loc="132" ncloc="132" packages="1" files="1" classes="1"/>
    <file name="caixa-da-lanchonete.js" path="C:\Users\karol\OneDrive\Documentos\desafio\src\caixa-da-lanchonete.js">
      <metrics statements="132" coveredstatements="130" conditionals="43" coveredconditionals="42" methods="5" coveredmethods="5"/>
      <line num="1" count="19" type="cond" truecount="1" falsecount="0"/>
      <line num="2" count="19" type="stmt"/>
      <line num="3" count="19" type="stmt"/>
      <line num="4" count="19" type="stmt"/>
      <line num="5" count="19" type="stmt"/>
      <line num="6" count="19" type="stmt"/>
      <line num="7" count="19" type="stmt"/>
      <line num="8" count="19" type="stmt"/>
      <line num="9" count="19" type="stmt"/>
      <line num="10" count="19" type="stmt"/>
      <line num="11" count="19" type="stmt"/>
      <line num="12" count="19" type="stmt"/>
      <line num="13" count="19" type="stmt"/>
      <line num="14" count="19" type="stmt"/>
      <line num="15" count="19" type="stmt"/>
      <line num="16" count="19" type="stmt"/>
      <line num="17" count="19" type="stmt"/>
      <line num="18" count="19" type="cond" truecount="1" falsecount="0"/>
      <line num="19" count="19" type="stmt"/>
      <line num="20" count="19" type="stmt"/>
      <line num="21" count="19" type="cond" truecount="1" falsecount="0"/>
      <line num="22" count="9" type="stmt"/>
      <line num="23" count="9" type="cond" truecount="1" falsecount="0"/>
      <line num="24" count="8" type="cond" truecount="1" falsecount="0"/>
      <line num="25" count="18" type="stmt"/>
      <line num="26" count="18" type="stmt"/>
      <line num="27" count="8" type="stmt"/>
      <line num="28" count="8" type="stmt"/>
      <line num="29" count="9" type="cond" truecount="1" falsecount="0"/>
      <line num="30" count="1" type="stmt"/>
      <line num="31" count="1" type="stmt"/>
      <line num="32" count="9" type="stmt"/>
      <line num="33" count="19" type="cond" truecount="0" falsecount="1"/>
      <line num="34" count="0" type="stmt"/>
      <line num="35" count="0" type="stmt"/>
      <line num="36" count="19" type="stmt"/>
      <line num="37" count="19" type="cond" truecount="1" falsecount="0"/>
      <line num="38" count="11" type="stmt"/>
      <line num="39" count="11" type="stmt"/>
      <line num="40" count="19" type="cond" truecount="1" falsecount="0"/>
      <line num="41" count="8" type="stmt"/>
      <line num="42" count="8" type="stmt"/>
      <line num="43" count="19" type="stmt"/>
      <line num="44" count="19" type="stmt"/>
      <line num="45" count="19" type="cond" truecount="1" falsecount="0"/>
      <line num="46" count="16" type="stmt"/>
      <line num="47" count="16" type="stmt"/>
      <line num="48" count="16" type="cond" truecount="1" falsecount="0"/>
      <line num="49" count="28" type="stmt"/>
      <line num="50" count="28" type="stmt"/>
      <line num="51" count="16" type="stmt"/>
      <line num="52" count="16" type="cond" truecount="1" falsecount="0"/>
      <line num="53" count="28" type="stmt"/>
      <line num="54" count="28" type="stmt"/>
      <line num="55" count="16" type="stmt"/>
      <line num="56" count="16" type="stmt"/>
      <line num="57" count="16" type="stmt"/>
      <line num="58" count="16" type="stmt"/>
      <line num="59" count="19" type="stmt"/>
      <line num="60" count="19" type="cond" truecount="1" falsecount="0"/>
      <line num="61" count="19" type="stmt"/>
      <line num="62" count="19" type="stmt"/>
      <line num="63" count="19" type="stmt"/>
      <line num="64" count="19" type="stmt"/>
      <line num="65" count="19" type="stmt"/>
      <line num="66" count="19" type="stmt"/>
      <line num="67" count="19" type="cond" truecount="1" falsecount="0"/>
      <line num="68" count="16" type="stmt"/>
      <line num="69" count="16" type="stmt"/>
      <line num="70" count="16" type="cond" truecount="1" falsecount="0"/>
      <line num="71" count="28" type="cond" truecount="1" falsecount="0"/>
      <line num="72" count="2" type="stmt"/>
      <line num="73" count="2" type="stmt"/>
      <line num="74" count="28" type="stmt"/>
      <line num="75" count="16" type="cond" truecount="1" falsecount="0"/>
      <line num="76" count="2" type="stmt"/>
      <line num="77" count="2" type="stmt"/>
      <line num="78" count="2" type="cond" truecount="1" falsecount="0"/>
      <line num="79" count="14" type="stmt"/>
      <line num="80" count="16" type="cond" truecount="1" falsecount="0"/>
      <line num="81" count="26" type="cond" truecount="1" falsecount="0"/>
      <line num="82" count="11" type="stmt"/>
      <line num="83" count="11" type="stmt"/>
      <line num="84" count="26" type="cond" truecount="1" falsecount="0"/>
      <line num="85" count="6" type="stmt"/>
      <line num="86" count="6" type="stmt"/>
      <line num="87" count="26" type="cond" truecount="1" falsecount="0"/>
      <line num="88" count="2" type="stmt"/>
      <line num="89" count="2" type="stmt"/>
      <line num="90" count="26" type="cond" truecount="1" falsecount="0"/>
      <line num="91" count="7" type="stmt"/>
      <line num="92" count="7" type="stmt"/>
      <line num="93" count="26" type="cond" truecount="1" falsecount="0"/>
      <line num="94" count="16" type="cond" truecount="4" falsecount="0"/>
      <line num="95" count="4" type="stmt"/>
      <line num="96" count="4" type="stmt"/>
      <line num="97" count="4" type="cond" truecount="1" falsecount="0"/>
      <line num="98" count="10" type="stmt"/>
      <line num="99" count="16" type="cond" truecount="1" falsecount="0"/>
      <line num="100" count="20" type="cond" truecount="2" falsecount="0"/>
      <line num="101" count="1" type="stmt"/>
      <line num="102" count="1" type="stmt"/>
      <line num="103" count="20" type="cond" truecount="1" falsecount="0"/>
      <line num="104" count="16" type="cond" truecount="1" falsecount="0"/>
      <line num="105" count="1" type="stmt"/>
      <line num="106" count="1" type="stmt"/>
      <line num="107" count="1" type="cond" truecount="1" falsecount="0"/>
      <line num="108" count="9" type="stmt"/>
      <line num="109" count="19" type="cond" truecount="1" falsecount="0"/>
      <line num="110" count="3" type="stmt"/>
      <line num="111" count="3" type="stmt"/>
      <line num="112" count="3" type="stmt"/>
      <line num="113" count="19" type="stmt"/>
      <line num="114" count="19" type="stmt"/>
      <line num="115" count="19" type="cond" truecount="1" falsecount="0"/>
      <line num="116" count="9" type="cond" truecount="1" falsecount="0"/>
      <line num="117" count="3" type="stmt"/>
      <line num="118" count="3" type="stmt"/>
      <line num="119" count="3" type="cond" truecount="1" falsecount="0"/>
      <line num="120" count="9" type="cond" truecount="1" falsecount="0"/>
      <line num="121" count="2" type="stmt"/>
      <line num="122" count="2" type="stmt"/>
      <line num="123" count="2" type="cond" truecount="1" falsecount="0"/>
      <line num="124" count="9" type="cond" truecount="1" falsecount="0"/>
      <line num="125" count="3" type="stmt"/>
      <line num="126" count="3" type="stmt"/>
      <line num="127" count="3" type="cond" truecount="1" falsecount="0"/>
      <line num="128" count="1" type="stmt"/>
      <line num="129" count="1" type="stmt"/>
      <line num="130" count="19" type="stmt"/>
      <line num="131" count="1" type="stmt"/>
      <line num="132" count="1" type="stmt"/>
    </file>
  </project>
</coverage>
