{"C:\\Users\\karol\\OneDrive\\Documentos\\desafio\\src\\caixa-da-lanchonete.js": {"path":"C:\\Users\\karol\\OneDrive\\Documentos\\desafio\\src\\caixa-da-lanchonete.js","all":false,"statementMap":{"0":{"start":{"line":1,"column":0},"end":{"line":1,"column":25}},"1":{"start":{"line":2,"column":0},"end":{"line":2,"column":63}},"2":{"start":{"line":3,"column":0},"end":{"line":3,"column":41}},"3":{"start":{"line":4,"column":0},"end":{"line":4,"column":56}},"4":{"start":{"line":5,"column":0},"end":{"line":5,"column":36}},"5":{"start":{"line":6,"column":0},"end":{"line":6,"column":14}},"6":{"start":{"line":7,"column":0},"end":{"line":7,"column":23}},"7":{"start":{"line":8,"column":0},"end":{"line":8,"column":21}},"8":{"start":{"line":9,"column":0},"end":{"line":9,"column":25}},"9":{"start":{"line":10,"column":0},"end":{"line":10,"column":21}},"10":{"start":{"line":11,"column":0},"end":{"line":11,"column":26}},"11":{"start":{"line":12,"column":0},"end":{"line":12,"column":23}},"12":{"start":{"line":13,"column":0},"end":{"line":13,"column":24}},"13":{"start":{"line":14,"column":0},"end":{"line":14,"column":23}},"14":{"start":{"line":15,"column":0},"end":{"line":15,"column":22}},"15":{"start":{"line":16,"column":0},"end":{"line":16,"column":6}},"16":{"start":{"line":17,"column":0},"end":{"line":17,"column":24}},"17":{"start":{"line":18,"column":0},"end":{"line":18,"column":53}},"18":{"start":{"line":19,"column":0},"end":{"line":19,"column":21}},"19":{"start":{"line":20,"column":0},"end":{"line":20,"column":78}},"20":{"start":{"line":21,"column":0},"end":{"line":21,"column":86}},"21":{"start":{"line":22,"column":0},"end":{"line":22,"column":123}},"22":{"start":{"line":23,"column":0},"end":{"line":23,"column":49}},"23":{"start":{"line":24,"column":0},"end":{"line":24,"column":113}},"24":{"start":{"line":25,"column":0},"end":{"line":25,"column":121}},"25":{"start":{"line":26,"column":0},"end":{"line":26,"column":21}},"26":{"start":{"line":27,"column":0},"end":{"line":27,"column":96}},"27":{"start":{"line":28,"column":0},"end":{"line":28,"column":44}},"28":{"start":{"line":29,"column":0},"end":{"line":29,"column":70}},"29":{"start":{"line":30,"column":0},"end":{"line":30,"column":64}},"30":{"start":{"line":31,"column":0},"end":{"line":31,"column":17}},"31":{"start":{"line":32,"column":0},"end":{"line":32,"column":13}},"32":{"start":{"line":33,"column":0},"end":{"line":33,"column":71}},"33":{"start":{"line":34,"column":0},"end":{"line":34,"column":63}},"34":{"start":{"line":35,"column":0},"end":{"line":35,"column":9}},"35":{"start":{"line":36,"column":0},"end":{"line":36,"column":75}},"36":{"start":{"line":37,"column":0},"end":{"line":37,"column":25}},"37":{"start":{"line":38,"column":0},"end":{"line":38,"column":30}},"38":{"start":{"line":39,"column":0},"end":{"line":39,"column":75}},"39":{"start":{"line":40,"column":0},"end":{"line":40,"column":16}},"40":{"start":{"line":41,"column":0},"end":{"line":41,"column":78}},"41":{"start":{"line":42,"column":0},"end":{"line":42,"column":9}},"42":{"start":{"line":43,"column":0},"end":{"line":43,"column":5}},"43":{"start":{"line":44,"column":0},"end":{"line":44,"column":48}},"44":{"start":{"line":45,"column":0},"end":{"line":45,"column":51}},"45":{"start":{"line":46,"column":0},"end":{"line":46,"column":82}},"46":{"start":{"line":47,"column":0},"end":{"line":47,"column":60}},"47":{"start":{"line":48,"column":0},"end":{"line":48,"column":47}},"48":{"start":{"line":49,"column":0},"end":{"line":49,"column":65}},"49":{"start":{"line":50,"column":0},"end":{"line":50,"column":9}},"50":{"start":{"line":51,"column":0},"end":{"line":51,"column":116}},"51":{"start":{"line":52,"column":0},"end":{"line":52,"column":67}},"52":{"start":{"line":53,"column":0},"end":{"line":53,"column":102}},"53":{"start":{"line":54,"column":0},"end":{"line":54,"column":9}},"54":{"start":{"line":55,"column":0},"end":{"line":55,"column":40}},"55":{"start":{"line":56,"column":0},"end":{"line":56,"column":48}},"56":{"start":{"line":57,"column":0},"end":{"line":57,"column":26}},"57":{"start":{"line":58,"column":0},"end":{"line":58,"column":5}},"58":{"start":{"line":59,"column":0},"end":{"line":59,"column":6}},"59":{"start":{"line":60,"column":0},"end":{"line":60,"column":26}},"60":{"start":{"line":61,"column":0},"end":{"line":61,"column":30}},"61":{"start":{"line":62,"column":0},"end":{"line":62,"column":31}},"62":{"start":{"line":63,"column":0},"end":{"line":63,"column":35}},"63":{"start":{"line":64,"column":0},"end":{"line":64,"column":36}},"64":{"start":{"line":65,"column":0},"end":{"line":65,"column":33}},"65":{"start":{"line":66,"column":0},"end":{"line":66,"column":30}},"66":{"start":{"line":67,"column":0},"end":{"line":67,"column":31}},"67":{"start":{"line":68,"column":0},"end":{"line":68,"column":49}},"68":{"start":{"line":69,"column":0},"end":{"line":69,"column":33}},"69":{"start":{"line":70,"column":0},"end":{"line":70,"column":46}},"70":{"start":{"line":71,"column":0},"end":{"line":71,"column":144}},"71":{"start":{"line":72,"column":0},"end":{"line":72,"column":35}},"72":{"start":{"line":73,"column":0},"end":{"line":73,"column":13}},"73":{"start":{"line":74,"column":0},"end":{"line":74,"column":9}},"74":{"start":{"line":75,"column":0},"end":{"line":75,"column":76}},"75":{"start":{"line":76,"column":0},"end":{"line":76,"column":42}},"76":{"start":{"line":77,"column":0},"end":{"line":77,"column":25}},"77":{"start":{"line":78,"column":0},"end":{"line":78,"column":9}},"78":{"start":{"line":79,"column":0},"end":{"line":79,"column":63}},"79":{"start":{"line":80,"column":0},"end":{"line":80,"column":48}},"80":{"start":{"line":81,"column":0},"end":{"line":81,"column":41}},"81":{"start":{"line":82,"column":0},"end":{"line":82,"column":34}},"82":{"start":{"line":83,"column":0},"end":{"line":83,"column":13}},"83":{"start":{"line":84,"column":0},"end":{"line":84,"column":46}},"84":{"start":{"line":85,"column":0},"end":{"line":85,"column":39}},"85":{"start":{"line":86,"column":0},"end":{"line":86,"column":13}},"86":{"start":{"line":87,"column":0},"end":{"line":87,"column":45}},"87":{"start":{"line":88,"column":0},"end":{"line":88,"column":38}},"88":{"start":{"line":89,"column":0},"end":{"line":89,"column":13}},"89":{"start":{"line":90,"column":0},"end":{"line":90,"column":43}},"90":{"start":{"line":91,"column":0},"end":{"line":91,"column":36}},"91":{"start":{"line":92,"column":0},"end":{"line":92,"column":21}},"92":{"start":{"line":93,"column":0},"end":{"line":93,"column":9}},"93":{"start":{"line":94,"column":0},"end":{"line":94,"column":80}},"94":{"start":{"line":95,"column":0},"end":{"line":95,"column":74}},"95":{"start":{"line":96,"column":0},"end":{"line":96,"column":25}},"96":{"start":{"line":97,"column":0},"end":{"line":97,"column":9}},"97":{"start":{"line":98,"column":0},"end":{"line":98,"column":89}},"98":{"start":{"line":99,"column":0},"end":{"line":99,"column":46}},"99":{"start":{"line":100,"column":0},"end":{"line":100,"column":107}},"100":{"start":{"line":101,"column":0},"end":{"line":101,"column":35}},"101":{"start":{"line":102,"column":0},"end":{"line":102,"column":16}},"102":{"start":{"line":103,"column":0},"end":{"line":103,"column":9}},"103":{"start":{"line":104,"column":0},"end":{"line":104,"column":78}},"104":{"start":{"line":105,"column":0},"end":{"line":105,"column":52}},"105":{"start":{"line":106,"column":0},"end":{"line":106,"column":29}},"106":{"start":{"line":107,"column":0},"end":{"line":107,"column":13}},"107":{"start":{"line":108,"column":0},"end":{"line":108,"column":24}},"108":{"start":{"line":109,"column":0},"end":{"line":109,"column":57}},"109":{"start":{"line":110,"column":0},"end":{"line":110,"column":63}},"110":{"start":{"line":111,"column":0},"end":{"line":111,"column":25}},"111":{"start":{"line":112,"column":0},"end":{"line":112,"column":9}},"112":{"start":{"line":113,"column":0},"end":{"line":113,"column":5}},"113":{"start":{"line":114,"column":0},"end":{"line":114,"column":81}},"114":{"start":{"line":115,"column":0},"end":{"line":115,"column":50}},"115":{"start":{"line":116,"column":0},"end":{"line":116,"column":45}},"116":{"start":{"line":117,"column":0},"end":{"line":117,"column":67}},"117":{"start":{"line":118,"column":0},"end":{"line":118,"column":24}},"118":{"start":{"line":119,"column":0},"end":{"line":119,"column":9}},"119":{"start":{"line":120,"column":0},"end":{"line":120,"column":47}},"120":{"start":{"line":121,"column":0},"end":{"line":121,"column":66}},"121":{"start":{"line":122,"column":0},"end":{"line":122,"column":24}},"122":{"start":{"line":123,"column":0},"end":{"line":123,"column":9}},"123":{"start":{"line":124,"column":0},"end":{"line":124,"column":46}},"124":{"start":{"line":125,"column":0},"end":{"line":125,"column":65}},"125":{"start":{"line":126,"column":0},"end":{"line":126,"column":24}},"126":{"start":{"line":127,"column":0},"end":{"line":127,"column":9}},"127":{"start":{"line":128,"column":0},"end":{"line":128,"column":21}},"128":{"start":{"line":129,"column":0},"end":{"line":129,"column":5}},"129":{"start":{"line":130,"column":0},"end":{"line":130,"column":2}},"130":{"start":{"line":131,"column":0},"end":{"line":131,"column":28}},"131":{"start":{"line":132,"column":0},"end":{"line":132,"column":29}}},"s":{"0":19,"1":19,"2":19,"3":19,"4":19,"5":19,"6":19,"7":19,"8":19,"9":19,"10":19,"11":19,"12":19,"13":19,"14":19,"15":19,"16":19,"17":19,"18":19,"19":19,"20":19,"21":9,"22":9,"23":8,"24":18,"25":18,"26":8,"27":8,"28":9,"29":1,"30":1,"31":9,"32":19,"33":0,"34":0,"35":19,"36":19,"37":11,"38":11,"39":19,"40":8,"41":8,"42":19,"43":19,"44":19,"45":16,"46":16,"47":16,"48":28,"49":28,"50":16,"51":16,"52":28,"53":28,"54":16,"55":16,"56":16,"57":16,"58":19,"59":19,"60":19,"61":19,"62":19,"63":19,"64":19,"65":19,"66":19,"67":16,"68":16,"69":16,"70":28,"71":2,"72":2,"73":28,"74":16,"75":2,"76":2,"77":2,"78":14,"79":16,"80":26,"81":11,"82":11,"83":26,"84":6,"85":6,"86":26,"87":2,"88":2,"89":26,"90":7,"91":7,"92":26,"93":16,"94":4,"95":4,"96":4,"97":10,"98":16,"99":20,"100":1,"101":1,"102":20,"103":16,"104":1,"105":1,"106":1,"107":9,"108":19,"109":3,"110":3,"111":3,"112":19,"113":19,"114":19,"115":9,"116":3,"117":3,"118":3,"119":9,"120":2,"121":2,"122":2,"123":9,"124":3,"125":3,"126":3,"127":1,"128":1,"129":19,"130":1,"131":1},"branchMap":{"0":{"type":"branch","line":1,"loc":{"start":{"line":1,"column":0},"end":{"line":130,"column":2}},"locations":[{"start":{"line":1,"column":0},"end":{"line":130,"column":2}}]},"1":{"type":"branch","line":18,"loc":{"start":{"line":18,"column":4},"end":{"line":43,"column":5}},"locations":[{"start":{"line":18,"column":4},"end":{"line":43,"column":5}}]},"2":{"type":"branch","line":21,"loc":{"start":{"line":21,"column":31},"end":{"line":32,"column":13}},"locations":[{"start":{"line":21,"column":31},"end":{"line":32,"column":13}}]},"3":{"type":"branch","line":23,"loc":{"start":{"line":23,"column":48},"end":{"line":29,"column":17}},"locations":[{"start":{"line":23,"column":48},"end":{"line":29,"column":17}}]},"4":{"type":"branch","line":24,"loc":{"start":{"line":24,"column":64},"end":{"line":26,"column":21}},"locations":[{"start":{"line":24,"column":64},"end":{"line":26,"column":21}}]},"5":{"type":"branch","line":29,"loc":{"start":{"line":29,"column":17},"end":{"line":31,"column":17}},"locations":[{"start":{"line":29,"column":17},"end":{"line":31,"column":17}}]},"6":{"type":"branch","line":33,"loc":{"start":{"line":33,"column":9},"end":{"line":35,"column":9}},"locations":[{"start":{"line":33,"column":9},"end":{"line":35,"column":9}}]},"7":{"type":"branch","line":37,"loc":{"start":{"line":37,"column":24},"end":{"line":40,"column":9}},"locations":[{"start":{"line":37,"column":24},"end":{"line":40,"column":9}}]},"8":{"type":"branch","line":40,"loc":{"start":{"line":40,"column":9},"end":{"line":42,"column":9}},"locations":[{"start":{"line":40,"column":9},"end":{"line":42,"column":9}}]},"9":{"type":"branch","line":45,"loc":{"start":{"line":45,"column":4},"end":{"line":58,"column":5}},"locations":[{"start":{"line":45,"column":4},"end":{"line":58,"column":5}}]},"10":{"type":"branch","line":48,"loc":{"start":{"line":48,"column":45},"end":{"line":50,"column":9}},"locations":[{"start":{"line":48,"column":45},"end":{"line":50,"column":9}}]},"11":{"type":"branch","line":52,"loc":{"start":{"line":52,"column":66},"end":{"line":54,"column":9}},"locations":[{"start":{"line":52,"column":66},"end":{"line":54,"column":9}}]},"12":{"type":"branch","line":60,"loc":{"start":{"line":60,"column":4},"end":{"line":113,"column":5}},"locations":[{"start":{"line":60,"column":4},"end":{"line":113,"column":5}}]},"13":{"type":"branch","line":67,"loc":{"start":{"line":67,"column":30},"end":{"line":109,"column":9}},"locations":[{"start":{"line":67,"column":30},"end":{"line":109,"column":9}}]},"14":{"type":"branch","line":70,"loc":{"start":{"line":70,"column":45},"end":{"line":74,"column":9}},"locations":[{"start":{"line":70,"column":45},"end":{"line":74,"column":9}}]},"15":{"type":"branch","line":71,"loc":{"start":{"line":71,"column":67},"end":{"line":73,"column":13}},"locations":[{"start":{"line":71,"column":67},"end":{"line":73,"column":13}}]},"16":{"type":"branch","line":75,"loc":{"start":{"line":75,"column":34},"end":{"line":78,"column":9}},"locations":[{"start":{"line":75,"column":34},"end":{"line":78,"column":9}}]},"17":{"type":"branch","line":78,"loc":{"start":{"line":78,"column":8},"end":{"line":80,"column":47}},"locations":[{"start":{"line":78,"column":8},"end":{"line":80,"column":47}}]},"18":{"type":"branch","line":80,"loc":{"start":{"line":80,"column":47},"end":{"line":93,"column":9}},"locations":[{"start":{"line":80,"column":47},"end":{"line":93,"column":9}}]},"19":{"type":"branch","line":81,"loc":{"start":{"line":81,"column":40},"end":{"line":83,"column":13}},"locations":[{"start":{"line":81,"column":40},"end":{"line":83,"column":13}}]},"20":{"type":"branch","line":84,"loc":{"start":{"line":84,"column":45},"end":{"line":86,"column":13}},"locations":[{"start":{"line":84,"column":45},"end":{"line":86,"column":13}}]},"21":{"type":"branch","line":87,"loc":{"start":{"line":87,"column":44},"end":{"line":89,"column":13}},"locations":[{"start":{"line":87,"column":44},"end":{"line":89,"column":13}}]},"22":{"type":"branch","line":90,"loc":{"start":{"line":90,"column":42},"end":{"line":92,"column":21}},"locations":[{"start":{"line":90,"column":42},"end":{"line":92,"column":21}}]},"23":{"type":"branch","line":93,"loc":{"start":{"line":93,"column":8},"end":{"line":94,"column":30}},"locations":[{"start":{"line":93,"column":8},"end":{"line":94,"column":30}}]},"24":{"type":"branch","line":94,"loc":{"start":{"line":94,"column":26},"end":{"line":94,"column":41}},"locations":[{"start":{"line":94,"column":26},"end":{"line":94,"column":41}}]},"25":{"type":"branch","line":94,"loc":{"start":{"line":94,"column":41},"end":{"line":94,"column":77}},"locations":[{"start":{"line":94,"column":41},"end":{"line":94,"column":77}}]},"26":{"type":"branch","line":94,"loc":{"start":{"line":94,"column":57},"end":{"line":94,"column":77}},"locations":[{"start":{"line":94,"column":57},"end":{"line":94,"column":77}}]},"27":{"type":"branch","line":94,"loc":{"start":{"line":94,"column":79},"end":{"line":97,"column":9}},"locations":[{"start":{"line":94,"column":79},"end":{"line":97,"column":9}}]},"28":{"type":"branch","line":97,"loc":{"start":{"line":97,"column":8},"end":{"line":99,"column":45}},"locations":[{"start":{"line":97,"column":8},"end":{"line":99,"column":45}}]},"29":{"type":"branch","line":99,"loc":{"start":{"line":99,"column":45},"end":{"line":103,"column":9}},"locations":[{"start":{"line":99,"column":45},"end":{"line":103,"column":9}}]},"30":{"type":"branch","line":100,"loc":{"start":{"line":100,"column":27},"end":{"line":100,"column":46}},"locations":[{"start":{"line":100,"column":27},"end":{"line":100,"column":46}}]},"31":{"type":"branch","line":100,"loc":{"start":{"line":100,"column":47},"end":{"line":102,"column":16}},"locations":[{"start":{"line":100,"column":47},"end":{"line":102,"column":16}}]},"32":{"type":"branch","line":103,"loc":{"start":{"line":103,"column":8},"end":{"line":104,"column":29}},"locations":[{"start":{"line":103,"column":8},"end":{"line":104,"column":29}}]},"33":{"type":"branch","line":104,"loc":{"start":{"line":104,"column":29},"end":{"line":107,"column":13}},"locations":[{"start":{"line":104,"column":29},"end":{"line":107,"column":13}}]},"34":{"type":"branch","line":107,"loc":{"start":{"line":107,"column":12},"end":{"line":109,"column":9}},"locations":[{"start":{"line":107,"column":12},"end":{"line":109,"column":9}}]},"35":{"type":"branch","line":109,"loc":{"start":{"line":109,"column":9},"end":{"line":112,"column":9}},"locations":[{"start":{"line":109,"column":9},"end":{"line":112,"column":9}}]},"36":{"type":"branch","line":115,"loc":{"start":{"line":115,"column":4},"end":{"line":129,"column":5}},"locations":[{"start":{"line":115,"column":4},"end":{"line":129,"column":5}}]},"37":{"type":"branch","line":116,"loc":{"start":{"line":116,"column":44},"end":{"line":119,"column":9}},"locations":[{"start":{"line":116,"column":44},"end":{"line":119,"column":9}}]},"38":{"type":"branch","line":119,"loc":{"start":{"line":119,"column":8},"end":{"line":120,"column":46}},"locations":[{"start":{"line":119,"column":8},"end":{"line":120,"column":46}}]},"39":{"type":"branch","line":120,"loc":{"start":{"line":120,"column":46},"end":{"line":123,"column":9}},"locations":[{"start":{"line":120,"column":46},"end":{"line":123,"column":9}}]},"40":{"type":"branch","line":123,"loc":{"start":{"line":123,"column":8},"end":{"line":124,"column":45}},"locations":[{"start":{"line":123,"column":8},"end":{"line":124,"column":45}}]},"41":{"type":"branch","line":124,"loc":{"start":{"line":124,"column":45},"end":{"line":127,"column":9}},"locations":[{"start":{"line":124,"column":45},"end":{"line":127,"column":9}}]},"42":{"type":"branch","line":127,"loc":{"start":{"line":127,"column":8},"end":{"line":129,"column":5}},"locations":[{"start":{"line":127,"column":8},"end":{"line":129,"column":5}}]}},"b":{"0":[19],"1":[19],"2":[9],"3":[8],"4":[18],"5":[1],"6":[0],"7":[11],"8":[8],"9":[16],"10":[28],"11":[28],"12":[19],"13":[16],"14":[28],"15":[2],"16":[2],"17":[14],"18":[26],"19":[11],"20":[6],"21":[2],"22":[7],"23":[14],"24":[2],"25":[12],"26":[7],"27":[4],"28":[10],"29":[20],"30":[19],"31":[1],"32":[10],"33":[1],"34":[9],"35":[3],"36":[9],"37":[3],"38":[6],"39":[2],"40":[4],"41":[3],"42":[1]},"fnMap":{"0":{"name":"<instance_members_initializer>","decl":{"start":{"line":1,"column":0},"end":{"line":130,"column":2}},"loc":{"start":{"line":1,"column":0},"end":{"line":130,"column":2}},"line":1},"1":{"name":"calcularValorDaCompra","decl":{"start":{"line":18,"column":4},"end":{"line":43,"column":5}},"loc":{"start":{"line":18,"column":4},"end":{"line":43,"column":5}},"line":18},"2":{"name":"separaItemQuantidade","decl":{"start":{"line":45,"column":4},"end":{"line":58,"column":5}},"loc":{"start":{"line":45,"column":4},"end":{"line":58,"column":5}},"line":45},"3":{"name":"verificaItens","decl":{"start":{"line":60,"column":4},"end":{"line":113,"column":5}},"loc":{"start":{"line":60,"column":4},"end":{"line":113,"column":5}},"line":60},"4":{"name":"verificarMetodoDePagamento","decl":{"start":{"line":115,"column":4},"end":{"line":129,"column":5}},"loc":{"start":{"line":115,"column":4},"end":{"line":129,"column":5}},"line":115}},"f":{"0":19,"1":19,"2":16,"3":19,"4":9}}
}
