TN:
SF:src\caixa-da-lanchonete.js
FN:1,<instance_members_initializer>
FN:18,calcularValorDaCompra
FN:45,separaItemQuantidade
FN:60,verificaItens
FN:115,verificarMetodoDePagamento
FNF:5
FNH:5
FNDA:19,<instance_members_initializer>
FNDA:19,calcularValorDaCompra
FNDA:16,separaItemQuantidade
FNDA:19,verificaItens
FNDA:9,verificarMetodoDePagamento
DA:1,19
DA:2,19
DA:3,19
DA:4,19
DA:5,19
DA:6,19
DA:7,19
DA:8,19
DA:9,19
DA:10,19
DA:11,19
DA:12,19
DA:13,19
DA:14,19
DA:15,19
DA:16,19
DA:17,19
DA:18,19
DA:19,19
DA:20,19
DA:21,19
DA:22,9
DA:23,9
DA:24,8
DA:25,18
DA:26,18
DA:27,8
DA:28,8
DA:29,9
DA:30,1
DA:31,1
DA:32,9
DA:33,19
DA:34,0
DA:35,0
DA:36,19
DA:37,19
DA:38,11
DA:39,11
DA:40,19
DA:41,8
DA:42,8
DA:43,19
DA:44,19
DA:45,19
DA:46,16
DA:47,16
DA:48,16
DA:49,28
DA:50,28
DA:51,16
DA:52,16
DA:53,28
DA:54,28
DA:55,16
DA:56,16
DA:57,16
DA:58,16
DA:59,19
DA:60,19
DA:61,19
DA:62,19
DA:63,19
DA:64,19
DA:65,19
DA:66,19
DA:67,19
DA:68,16
DA:69,16
DA:70,16
DA:71,28
DA:72,2
DA:73,2
DA:74,28
DA:75,16
DA:76,2
DA:77,2
DA:78,2
DA:79,14
DA:80,16
DA:81,26
DA:82,11
DA:83,11
DA:84,26
DA:85,6
DA:86,6
DA:87,26
DA:88,2
DA:89,2
DA:90,26
DA:91,7
DA:92,7
DA:93,26
DA:94,16
DA:95,4
DA:96,4
DA:97,4
DA:98,10
DA:99,16
DA:100,20
DA:101,1
DA:102,1
DA:103,20
DA:104,16
DA:105,1
DA:106,1
DA:107,1
DA:108,9
DA:109,19
DA:110,3
DA:111,3
DA:112,3
DA:113,19
DA:114,19
DA:115,19
DA:116,9
DA:117,3
DA:118,3
DA:119,3
DA:120,9
DA:121,2
DA:122,2
DA:123,2
DA:124,9
DA:125,3
DA:126,3
DA:127,3
DA:128,1
DA:129,1
DA:130,19
DA:131,1
DA:132,1
LF:132
LH:130
BRDA:1,0,0,19
BRDA:18,1,0,19
BRDA:21,2,0,9
BRDA:23,3,0,8
BRDA:24,4,0,18
BRDA:29,5,0,1
BRDA:33,6,0,0
BRDA:37,7,0,11
BRDA:40,8,0,8
BRDA:45,9,0,16
BRDA:48,10,0,28
BRDA:52,11,0,28
BRDA:60,12,0,19
BRDA:67,13,0,16
BRDA:70,14,0,28
BRDA:71,15,0,2
BRDA:75,16,0,2
BRDA:78,17,0,14
BRDA:80,18,0,26
BRDA:81,19,0,11
BRDA:84,20,0,6
BRDA:87,21,0,2
BRDA:90,22,0,7
BRDA:93,23,0,14
BRDA:94,24,0,2
BRDA:94,25,0,12
BRDA:94,26,0,7
BRDA:94,27,0,4
BRDA:97,28,0,10
BRDA:99,29,0,20
BRDA:100,30,0,19
BRDA:100,31,0,1
BRDA:103,32,0,10
BRDA:104,33,0,1
BRDA:107,34,0,9
BRDA:109,35,0,3
BRDA:115,36,0,9
BRDA:116,37,0,3
BRDA:119,38,0,6
BRDA:120,39,0,2
BRDA:123,40,0,4
BRDA:124,41,0,3
BRDA:127,42,0,1
BRF:43
BRH:42
end_of_record
